<?xml version="1.0" encoding="UTF-8"?>
<testsuite xmlns:xsi="http://www.w3.org/2001/XMLSchema-instance" xsi:noNamespaceSchemaLocation="https://maven.apache.org/surefire/maven-surefire-plugin/xsd/surefire-test-report-3.0.xsd" version="3.0" name="com.bookinventorymanagement.StateControllerTest" time="1.743" tests="8" errors="0" skipped="0" failures="0">
  <properties>
[...]
</properties>
  <testcase name="testUpdateStateNameByIdInvalidId" classname="com.bookinventorymanagement.StateControllerTest" time="0.027">
    <system-out><![CDATA[2023-07-14T00:41:46.266+05:30  INFO 11360 --- [           main] t.c.s.AnnotationConfigContextLoaderUtils : Could not detect default configuration classes for test class [com.bookinventorymanagement.StateControllerTest]: StateControllerTest does not declare any static, non-private, non-final, nested classes annotated with @Configuration.
2023-07-14T00:41:46.271+05:30  INFO 11360 --- [           main] .b.t.c.SpringBootTestContextBootstrapper : Found @SpringBootConfiguration com.bookinventorymanagement.BookInventoryManagementApplication for test class com.bookinventorymanagement.StateControllerTest

  .   ____          _            __ _ _
 /\\ / ___'_ __ _ _(_)_ __  __ _ \ \ \ \
( ( )\___ | '_ | '_| | '_ \/ _` | \ \ \ \
 \\/  ___)| |_)| | | | | || (_| |  ) ) ) )
  '  |____| .__|_| |_|_| |_\__, | / / / /
 =========|_|==============|___/=/_/_/_/
 :: Spring Boot ::                (v3.1.1)

2023-07-14T00:41:46.311+05:30  INFO 11360 --- [           main] c.b.StateControllerTest                  : Starting StateControllerTest using Java 17.0.7 with PID 11360 (started by LIN51015545$ in C:\Users\AKSHAYBP\Desktop\Book Inventory Management\Backend-Book-Inventory-Management)
2023-07-14T00:41:46.311+05:30  INFO 11360 --- [           main] c.b.StateControllerTest                  : No active profile set, falling back to 1 default profile: "default"
2023-07-14T00:41:46.662+05:30  INFO 11360 --- [           main] .s.d.r.c.RepositoryConfigurationDelegate : Bootstrapping Spring Data JPA repositories in DEFAULT mode.
2023-07-14T00:41:46.745+05:30  INFO 11360 --- [           main] .s.d.r.c.RepositoryConfigurationDelegate : Finished Spring Data repository scanning in 81 ms. Found 13 JPA repository interfaces.
2023-07-14T00:41:46.967+05:30  INFO 11360 --- [           main] o.hibernate.jpa.internal.util.LogHelper  : HHH000204: Processing PersistenceUnitInfo [name: default]
2023-07-14T00:41:46.988+05:30  INFO 11360 --- [           main] o.h.b.i.BytecodeProviderInitiator        : HHH000021: Bytecode provider name : bytebuddy
2023-07-14T00:41:46.989+05:30  INFO 11360 --- [           main] o.s.o.j.p.SpringPersistenceUnitInfo      : No LoadTimeWeaver setup: ignoring JPA class transformer
2023-07-14T00:41:46.990+05:30  INFO 11360 --- [           main] com.zaxxer.hikari.HikariDataSource       : HikariPool-12 - Starting...
2023-07-14T00:41:47.003+05:30  INFO 11360 --- [           main] com.zaxxer.hikari.pool.HikariPool        : HikariPool-12 - Added connection com.mysql.cj.jdbc.ConnectionImpl@40308cf8
2023-07-14T00:41:47.003+05:30  INFO 11360 --- [           main] com.zaxxer.hikari.HikariDataSource       : HikariPool-12 - Start completed.
2023-07-14T00:41:47.031+05:30  INFO 11360 --- [           main] o.h.b.i.BytecodeProviderInitiator        : HHH000021: Bytecode provider name : bytebuddy
2023-07-14T00:41:47.208+05:30  INFO 11360 --- [           main] o.h.e.t.j.p.i.JtaPlatformInitiator       : HHH000490: Using JtaPlatform implementation: [org.hibernate.engine.transaction.jta.platform.internal.NoJtaPlatform]
2023-07-14T00:41:47.236+05:30  INFO 11360 --- [           main] j.LocalContainerEntityManagerFactoryBean : Initialized JPA EntityManagerFactory for persistence unit 'default'
2023-07-14T00:41:47.652+05:30  WARN 11360 --- [           main] JpaBaseConfiguration$JpaWebConfiguration : spring.jpa.open-in-view is enabled by default. Therefore, database queries may be performed during view rendering. Explicitly configure spring.jpa.open-in-view to disable this warning
2023-07-14T00:41:47.755+05:30  INFO 11360 --- [           main] o.s.s.web.DefaultSecurityFilterChain     : Will secure any request with [org.springframework.security.web.session.DisableEncodeUrlFilter@1eae624e, org.springframework.security.web.context.request.async.WebAsyncManagerIntegrationFilter@46941601, org.springframework.security.web.context.SecurityContextHolderFilter@6188d1e8, org.springframework.security.web.header.HeaderWriterFilter@5a0afdef, org.springframework.security.web.authentication.logout.LogoutFilter@2b0e6d8f, com.bookinventorymanagement.config.JwtAuthenticationFilter@2a2f3ec9, org.springframework.security.web.savedrequest.RequestCacheAwareFilter@3cceb3f, org.springframework.security.web.servletapi.SecurityContextHolderAwareRequestFilter@e249b2c, org.springframework.security.web.authentication.AnonymousAuthenticationFilter@76ade9ef, org.springframework.security.web.session.SessionManagementFilter@5d8be063, org.springframework.security.web.access.ExceptionTranslationFilter@4ba52076, org.springframework.security.web.access.intercept.AuthorizationFilter@6528f1fa]
2023-07-14T00:41:47.828+05:30  WARN 11360 --- [           main] ion$DefaultTemplateResolverConfiguration : Cannot find template location: classpath:/templates/ (please add some templates, check your Thymeleaf configuration, or set spring.thymeleaf.check-template-location=false)
2023-07-14T00:41:47.869+05:30  INFO 11360 --- [           main] o.s.b.t.m.w.SpringBootMockServletContext : Initializing Spring TestDispatcherServlet ''
2023-07-14T00:41:47.869+05:30  INFO 11360 --- [           main] o.s.t.web.servlet.TestDispatcherServlet  : Initializing Servlet ''
2023-07-14T00:41:47.869+05:30  INFO 11360 --- [           main] o.s.t.web.servlet.TestDispatcherServlet  : Completed initialization in 0 ms
2023-07-14T00:41:47.880+05:30  INFO 11360 --- [           main] c.b.StateControllerTest                  : Started StateControllerTest in 1.601 seconds (process running for 36.357)
1: org.springframework.security.web.header.HeaderWriterFilter$HeaderWriterRequest@3e872929
2:org.springframework.security.web.header.HeaderWriterFilter$HeaderWriterResponse@17c2d06
3:null
2023-07-14T00:41:47.890+05:30  INFO 11360 --- [           main] o.s.web.filter.OncePerRequestFilter      :  Header : null
2023-07-14T00:41:47.890+05:30  INFO 11360 --- [           main] o.s.web.filter.OncePerRequestFilter      : Invalid Header value !
]]></system-out>
  </testcase>
  <testcase name="testGetStateById" classname="com.bookinventorymanagement.StateControllerTest" time="0.008">
    <system-out><![CDATA[1: org.springframework.security.web.header.HeaderWriterFilter$HeaderWriterRequest@2f6b3859
2:org.springframework.security.web.header.HeaderWriterFilter$HeaderWriterResponse@72f7e734
3:null
2023-07-14T00:41:47.915+05:30  INFO 11360 --- [           main] o.s.web.filter.OncePerRequestFilter      :  Header : null
2023-07-14T00:41:47.915+05:30  INFO 11360 --- [           main] o.s.web.filter.OncePerRequestFilter      : Invalid Header value !
]]></system-out>
  </testcase>
  <testcase name="testSaveStateInvalidInput" classname="com.bookinventorymanagement.StateControllerTest" time="0.022">
    <system-out><![CDATA[1: org.springframework.security.web.header.HeaderWriterFilter$HeaderWriterRequest@63c512c6
2:org.springframework.security.web.header.HeaderWriterFilter$HeaderWriterResponse@4248a15b
3:null
2023-07-14T00:41:47.935+05:30  INFO 11360 --- [           main] o.s.web.filter.OncePerRequestFilter      :  Header : null
2023-07-14T00:41:47.935+05:30  INFO 11360 --- [           main] o.s.web.filter.OncePerRequestFilter      : Invalid Header value !
----StateCode is required
]]></system-out>
  </testcase>
  <testcase name="testGetAllStates" classname="com.bookinventorymanagement.StateControllerTest" time="0.009">
    <system-out><![CDATA[1: org.springframework.security.web.header.HeaderWriterFilter$HeaderWriterRequest@2099bfce
2:org.springframework.security.web.header.HeaderWriterFilter$HeaderWriterResponse@27dc80ff
3:null
2023-07-14T00:41:47.950+05:30  INFO 11360 --- [           main] o.s.web.filter.OncePerRequestFilter      :  Header : null
2023-07-14T00:41:47.951+05:30  INFO 11360 --- [           main] o.s.web.filter.OncePerRequestFilter      : Invalid Header value !
]]></system-out>
  </testcase>
  <testcase name="testSaveState" classname="com.bookinventorymanagement.StateControllerTest" time="0.012">
    <system-out><![CDATA[1: org.springframework.security.web.header.HeaderWriterFilter$HeaderWriterRequest@1461c28e
2:org.springframework.security.web.header.HeaderWriterFilter$HeaderWriterResponse@79eb7803
3:null
2023-07-14T00:41:47.964+05:30  INFO 11360 --- [           main] o.s.web.filter.OncePerRequestFilter      :  Header : null
2023-07-14T00:41:47.964+05:30  INFO 11360 --- [           main] o.s.web.filter.OncePerRequestFilter      : Invalid Header value !
]]></system-out>
  </testcase>
  <testcase name="testGetStateByIdInvalidId" classname="com.bookinventorymanagement.StateControllerTest" time="0.01">
    <system-out><![CDATA[1: org.springframework.security.web.header.HeaderWriterFilter$HeaderWriterRequest@7f4f31c1
2:org.springframework.security.web.header.HeaderWriterFilter$HeaderWriterResponse@31eb7290
3:null
2023-07-14T00:41:47.973+05:30  INFO 11360 --- [           main] o.s.web.filter.OncePerRequestFilter      :  Header : null
2023-07-14T00:41:47.973+05:30  INFO 11360 --- [           main] o.s.web.filter.OncePerRequestFilter      : Invalid Header value !
]]></system-out>
  </testcase>
  <testcase name="testUpdateStateNameById" classname="com.bookinventorymanagement.StateControllerTest" time="0.014">
    <system-out><![CDATA[1: org.springframework.security.web.header.HeaderWriterFilter$HeaderWriterRequest@6a6e3ecd
2:org.springframework.security.web.header.HeaderWriterFilter$HeaderWriterResponse@7baee2
3:null
2023-07-14T00:41:47.986+05:30  INFO 11360 --- [           main] o.s.web.filter.OncePerRequestFilter      :  Header : null
2023-07-14T00:41:47.986+05:30  INFO 11360 --- [           main] o.s.web.filter.OncePerRequestFilter      : Invalid Header value !
]]></system-out>
  </testcase>
  <testcase name="testGetAllStatesNoStateFound" classname="com.bookinventorymanagement.StateControllerTest" time="0.007">
    <system-out><![CDATA[1: org.springframework.security.web.header.HeaderWriterFilter$HeaderWriterRequest@75c63227
2:org.springframework.security.web.header.HeaderWriterFilter$HeaderWriterResponse@6ec5e204
3:null
2023-07-14T00:41:48.000+05:30  INFO 11360 --- [           main] o.s.web.filter.OncePerRequestFilter      :  Header : null
2023-07-14T00:41:48.000+05:30  INFO 11360 --- [           main] o.s.web.filter.OncePerRequestFilter      : Invalid Header value !
]]></system-out>
  </testcase>
</testsuite>