<?xml version="1.0" encoding="UTF-8"?>
<testsuite xmlns:xsi="http://www.w3.org/2001/XMLSchema-instance" xsi:noNamespaceSchemaLocation="https://maven.apache.org/surefire/maven-surefire-plugin/xsd/surefire-test-report-3.0.xsd" version="3.0" name="com.bookinventorymanagement.PublisherControllerTest" time="1.857" tests="18" errors="0" skipped="0" failures="0">
  <properties>
[...]
</properties>
  <testcase name="testUpdateCityByPublisherIdInvalidCity" classname="com.bookinventorymanagement.PublisherControllerTest" time="0.028">
    <system-out><![CDATA[2023-07-14T00:41:40.990+05:30  INFO 11360 --- [           main] t.c.s.AnnotationConfigContextLoaderUtils : Could not detect default configuration classes for test class [com.bookinventorymanagement.PublisherControllerTest]: PublisherControllerTest does not declare any static, non-private, non-final, nested classes annotated with @Configuration.
2023-07-14T00:41:40.997+05:30  INFO 11360 --- [           main] .b.t.c.SpringBootTestContextBootstrapper : Found @SpringBootConfiguration com.bookinventorymanagement.BookInventoryManagementApplication for test class com.bookinventorymanagement.PublisherControllerTest

  .   ____          _            __ _ _
 /\\ / ___'_ __ _ _(_)_ __  __ _ \ \ \ \
( ( )\___ | '_ | '_| | '_ \/ _` | \ \ \ \
 \\/  ___)| |_)| | | | | || (_| |  ) ) ) )
  '  |____| .__|_| |_|_| |_\__, | / / / /
 =========|_|==============|___/=/_/_/_/
 :: Spring Boot ::                (v3.1.1)

2023-07-14T00:41:41.032+05:30  INFO 11360 --- [           main] c.b.PublisherControllerTest              : Starting PublisherControllerTest using Java 17.0.7 with PID 11360 (started by LIN51015545$ in C:\Users\AKSHAYBP\Desktop\Book Inventory Management\Backend-Book-Inventory-Management)
2023-07-14T00:41:41.032+05:30  INFO 11360 --- [           main] c.b.PublisherControllerTest              : No active profile set, falling back to 1 default profile: "default"
2023-07-14T00:41:41.374+05:30  INFO 11360 --- [           main] .s.d.r.c.RepositoryConfigurationDelegate : Bootstrapping Spring Data JPA repositories in DEFAULT mode.
2023-07-14T00:41:41.450+05:30  INFO 11360 --- [           main] .s.d.r.c.RepositoryConfigurationDelegate : Finished Spring Data repository scanning in 76 ms. Found 13 JPA repository interfaces.
2023-07-14T00:41:41.692+05:30  INFO 11360 --- [           main] o.hibernate.jpa.internal.util.LogHelper  : HHH000204: Processing PersistenceUnitInfo [name: default]
2023-07-14T00:41:41.707+05:30  INFO 11360 --- [           main] o.h.b.i.BytecodeProviderInitiator        : HHH000021: Bytecode provider name : bytebuddy
2023-07-14T00:41:41.708+05:30  INFO 11360 --- [           main] o.s.o.j.p.SpringPersistenceUnitInfo      : No LoadTimeWeaver setup: ignoring JPA class transformer
2023-07-14T00:41:41.710+05:30  INFO 11360 --- [           main] com.zaxxer.hikari.HikariDataSource       : HikariPool-9 - Starting...
2023-07-14T00:41:41.732+05:30  INFO 11360 --- [           main] com.zaxxer.hikari.pool.HikariPool        : HikariPool-9 - Added connection com.mysql.cj.jdbc.ConnectionImpl@5f3c97c9
2023-07-14T00:41:41.754+05:30  INFO 11360 --- [           main] com.zaxxer.hikari.HikariDataSource       : HikariPool-9 - Start completed.
2023-07-14T00:41:41.803+05:30  INFO 11360 --- [           main] o.h.b.i.BytecodeProviderInitiator        : HHH000021: Bytecode provider name : bytebuddy
2023-07-14T00:41:42.016+05:30  INFO 11360 --- [           main] o.h.e.t.j.p.i.JtaPlatformInitiator       : HHH000490: Using JtaPlatform implementation: [org.hibernate.engine.transaction.jta.platform.internal.NoJtaPlatform]
2023-07-14T00:41:42.027+05:30  INFO 11360 --- [           main] j.LocalContainerEntityManagerFactoryBean : Initialized JPA EntityManagerFactory for persistence unit 'default'
2023-07-14T00:41:42.346+05:30  WARN 11360 --- [           main] JpaBaseConfiguration$JpaWebConfiguration : spring.jpa.open-in-view is enabled by default. Therefore, database queries may be performed during view rendering. Explicitly configure spring.jpa.open-in-view to disable this warning
2023-07-14T00:41:42.445+05:30  INFO 11360 --- [           main] o.s.s.web.DefaultSecurityFilterChain     : Will secure any request with [org.springframework.security.web.session.DisableEncodeUrlFilter@32101098, org.springframework.security.web.context.request.async.WebAsyncManagerIntegrationFilter@22360505, org.springframework.security.web.context.SecurityContextHolderFilter@a8c0c6d, org.springframework.security.web.header.HeaderWriterFilter@58f96fef, org.springframework.security.web.authentication.logout.LogoutFilter@5b1965ea, com.bookinventorymanagement.config.JwtAuthenticationFilter@cf15d6, org.springframework.security.web.savedrequest.RequestCacheAwareFilter@20b0c0a9, org.springframework.security.web.servletapi.SecurityContextHolderAwareRequestFilter@33255547, org.springframework.security.web.authentication.AnonymousAuthenticationFilter@d0e05e8, org.springframework.security.web.session.SessionManagementFilter@46f89863, org.springframework.security.web.access.ExceptionTranslationFilter@6f48bbde, org.springframework.security.web.access.intercept.AuthorizationFilter@649cae23]
2023-07-14T00:41:42.510+05:30  WARN 11360 --- [           main] ion$DefaultTemplateResolverConfiguration : Cannot find template location: classpath:/templates/ (please add some templates, check your Thymeleaf configuration, or set spring.thymeleaf.check-template-location=false)
2023-07-14T00:41:42.550+05:30  INFO 11360 --- [           main] o.s.b.t.m.w.SpringBootMockServletContext : Initializing Spring TestDispatcherServlet ''
2023-07-14T00:41:42.550+05:30  INFO 11360 --- [           main] o.s.t.web.servlet.TestDispatcherServlet  : Initializing Servlet ''
2023-07-14T00:41:42.552+05:30  INFO 11360 --- [           main] o.s.t.web.servlet.TestDispatcherServlet  : Completed initialization in 1 ms
2023-07-14T00:41:42.565+05:30  INFO 11360 --- [           main] c.b.PublisherControllerTest              : Started PublisherControllerTest in 1.563 seconds (process running for 31.043)
1: org.springframework.security.web.header.HeaderWriterFilter$HeaderWriterRequest@258cb16c
2:org.springframework.security.web.header.HeaderWriterFilter$HeaderWriterResponse@3663806a
3:null
2023-07-14T00:41:42.578+05:30  INFO 11360 --- [           main] o.s.web.filter.OncePerRequestFilter      :  Header : null
2023-07-14T00:41:42.578+05:30  INFO 11360 --- [           main] o.s.web.filter.OncePerRequestFilter      : Invalid Header value !
]]></system-out>
  </testcase>
  <testcase name="testGetAllPublishersInvalidId" classname="com.bookinventorymanagement.PublisherControllerTest" time="0.01">
    <system-out><![CDATA[1: org.springframework.security.web.header.HeaderWriterFilter$HeaderWriterRequest@1ef8f1ca
2:org.springframework.security.web.header.HeaderWriterFilter$HeaderWriterResponse@2066f0d3
3:null
2023-07-14T00:41:42.603+05:30  INFO 11360 --- [           main] o.s.web.filter.OncePerRequestFilter      :  Header : null
2023-07-14T00:41:42.604+05:30  INFO 11360 --- [           main] o.s.web.filter.OncePerRequestFilter      : Invalid Header value !
]]></system-out>
  </testcase>
  <testcase name="testUpdateStateCodeByPublisherId" classname="com.bookinventorymanagement.PublisherControllerTest" time="0.016">
    <system-out><![CDATA[1: org.springframework.security.web.header.HeaderWriterFilter$HeaderWriterRequest@dda90c0
2:org.springframework.security.web.header.HeaderWriterFilter$HeaderWriterResponse@4756a913
3:null
2023-07-14T00:41:42.618+05:30  INFO 11360 --- [           main] o.s.web.filter.OncePerRequestFilter      :  Header : null
2023-07-14T00:41:42.618+05:30  INFO 11360 --- [           main] o.s.web.filter.OncePerRequestFilter      : Invalid Header value !
]]></system-out>
  </testcase>
  <testcase name="testGetPublisherByName" classname="com.bookinventorymanagement.PublisherControllerTest" time="0.013">
    <system-out><![CDATA[1: org.springframework.security.web.header.HeaderWriterFilter$HeaderWriterRequest@4407b019
2:org.springframework.security.web.header.HeaderWriterFilter$HeaderWriterResponse@1d8264c9
3:null
2023-07-14T00:41:42.633+05:30  INFO 11360 --- [           main] o.s.web.filter.OncePerRequestFilter      :  Header : null
2023-07-14T00:41:42.633+05:30  INFO 11360 --- [           main] o.s.web.filter.OncePerRequestFilter      : Invalid Header value !
]]></system-out>
  </testcase>
  <testcase name="testUpdateCityByPublisherId" classname="com.bookinventorymanagement.PublisherControllerTest" time="0.013">
    <system-out><![CDATA[1: org.springframework.security.web.header.HeaderWriterFilter$HeaderWriterRequest@4987383f
2:org.springframework.security.web.header.HeaderWriterFilter$HeaderWriterResponse@20fc059f
3:null
2023-07-14T00:41:42.649+05:30  INFO 11360 --- [           main] o.s.web.filter.OncePerRequestFilter      :  Header : null
2023-07-14T00:41:42.649+05:30  INFO 11360 --- [           main] o.s.web.filter.OncePerRequestFilter      : Invalid Header value !
]]></system-out>
  </testcase>
  <testcase name="testGetPublisherByIdInvalidId" classname="com.bookinventorymanagement.PublisherControllerTest" time="0.011">
    <system-out><![CDATA[1: org.springframework.security.web.header.HeaderWriterFilter$HeaderWriterRequest@67c718fc
2:org.springframework.security.web.header.HeaderWriterFilter$HeaderWriterResponse@17f192fb
3:null
2023-07-14T00:41:42.662+05:30  INFO 11360 --- [           main] o.s.web.filter.OncePerRequestFilter      :  Header : null
2023-07-14T00:41:42.662+05:30  INFO 11360 --- [           main] o.s.web.filter.OncePerRequestFilter      : Invalid Header value !
]]></system-out>
  </testcase>
  <testcase name="testSavePublisherInvalidInput" classname="com.bookinventorymanagement.PublisherControllerTest" time="0.026">
    <system-out><![CDATA[1: org.springframework.security.web.header.HeaderWriterFilter$HeaderWriterRequest@4b5cf935
2:org.springframework.security.web.header.HeaderWriterFilter$HeaderWriterResponse@26c76404
3:null
2023-07-14T00:41:42.683+05:30  INFO 11360 --- [           main] o.s.web.filter.OncePerRequestFilter      :  Header : null
2023-07-14T00:41:42.683+05:30  INFO 11360 --- [           main] o.s.web.filter.OncePerRequestFilter      : Invalid Header value !
----Name is required
]]></system-out>
  </testcase>
  <testcase name="testGetAllPublishers" classname="com.bookinventorymanagement.PublisherControllerTest" time="0.009">
    <system-out><![CDATA[1: org.springframework.security.web.header.HeaderWriterFilter$HeaderWriterRequest@301680f2
2:org.springframework.security.web.header.HeaderWriterFilter$HeaderWriterResponse@2dec35b0
3:null
2023-07-14T00:41:42.702+05:30  INFO 11360 --- [           main] o.s.web.filter.OncePerRequestFilter      :  Header : null
2023-07-14T00:41:42.702+05:30  INFO 11360 --- [           main] o.s.web.filter.OncePerRequestFilter      : Invalid Header value !
]]></system-out>
  </testcase>
  <testcase name="testGetAllPublishersByStateCode" classname="com.bookinventorymanagement.PublisherControllerTest" time="0.012">
    <system-out><![CDATA[1: org.springframework.security.web.header.HeaderWriterFilter$HeaderWriterRequest@1389257c
2:org.springframework.security.web.header.HeaderWriterFilter$HeaderWriterResponse@179c36ef
3:null
2023-07-14T00:41:42.713+05:30  INFO 11360 --- [           main] o.s.web.filter.OncePerRequestFilter      :  Header : null
2023-07-14T00:41:42.714+05:30  INFO 11360 --- [           main] o.s.web.filter.OncePerRequestFilter      : Invalid Header value !
]]></system-out>
  </testcase>
  <testcase name="testUpdateNameByPublisherId" classname="com.bookinventorymanagement.PublisherControllerTest" time="0.013">
    <system-out><![CDATA[1: org.springframework.security.web.header.HeaderWriterFilter$HeaderWriterRequest@694330ff
2:org.springframework.security.web.header.HeaderWriterFilter$HeaderWriterResponse@333b5a6e
3:null
2023-07-14T00:41:42.728+05:30  INFO 11360 --- [           main] o.s.web.filter.OncePerRequestFilter      :  Header : null
2023-07-14T00:41:42.728+05:30  INFO 11360 --- [           main] o.s.web.filter.OncePerRequestFilter      : Invalid Header value !
]]></system-out>
  </testcase>
  <testcase name="testGetPublisherById" classname="com.bookinventorymanagement.PublisherControllerTest" time="0.012">
    <system-out><![CDATA[1: org.springframework.security.web.header.HeaderWriterFilter$HeaderWriterRequest@1022b805
2:org.springframework.security.web.header.HeaderWriterFilter$HeaderWriterResponse@6096b636
3:null
2023-07-14T00:41:42.740+05:30  INFO 11360 --- [           main] o.s.web.filter.OncePerRequestFilter      :  Header : null
2023-07-14T00:41:42.741+05:30  INFO 11360 --- [           main] o.s.web.filter.OncePerRequestFilter      : Invalid Header value !
]]></system-out>
  </testcase>
  <testcase name="testGetAllPublishersByCity" classname="com.bookinventorymanagement.PublisherControllerTest" time="0.011">
    <system-out><![CDATA[1: org.springframework.security.web.header.HeaderWriterFilter$HeaderWriterRequest@7dc83b83
2:org.springframework.security.web.header.HeaderWriterFilter$HeaderWriterResponse@782f56af
3:null
2023-07-14T00:41:42.754+05:30  INFO 11360 --- [           main] o.s.web.filter.OncePerRequestFilter      :  Header : null
2023-07-14T00:41:42.754+05:30  INFO 11360 --- [           main] o.s.web.filter.OncePerRequestFilter      : Invalid Header value !
]]></system-out>
  </testcase>
  <testcase name="testUpdateStateCodeByPublisherIdInvalidId" classname="com.bookinventorymanagement.PublisherControllerTest" time="0.014">
    <system-out><![CDATA[1: org.springframework.security.web.header.HeaderWriterFilter$HeaderWriterRequest@1fbbc139
2:org.springframework.security.web.header.HeaderWriterFilter$HeaderWriterResponse@2313e56e
3:null
2023-07-14T00:41:42.768+05:30  INFO 11360 --- [           main] o.s.web.filter.OncePerRequestFilter      :  Header : null
2023-07-14T00:41:42.768+05:30  INFO 11360 --- [           main] o.s.web.filter.OncePerRequestFilter      : Invalid Header value !
]]></system-out>
  </testcase>
  <testcase name="testUpdateNameByPublisherIdInvalidId" classname="com.bookinventorymanagement.PublisherControllerTest" time="0.013">
    <system-out><![CDATA[1: org.springframework.security.web.header.HeaderWriterFilter$HeaderWriterRequest@26a7d754
2:org.springframework.security.web.header.HeaderWriterFilter$HeaderWriterResponse@1a237e7b
3:null
2023-07-14T00:41:42.782+05:30  INFO 11360 --- [           main] o.s.web.filter.OncePerRequestFilter      :  Header : null
2023-07-14T00:41:42.782+05:30  INFO 11360 --- [           main] o.s.web.filter.OncePerRequestFilter      : Invalid Header value !
]]></system-out>
  </testcase>
  <testcase name="testSavePublisher" classname="com.bookinventorymanagement.PublisherControllerTest" time="0.017">
    <system-out><![CDATA[1: org.springframework.security.web.header.HeaderWriterFilter$HeaderWriterRequest@6ebf0af8
2:org.springframework.security.web.header.HeaderWriterFilter$HeaderWriterResponse@7b522f61
3:null
2023-07-14T00:41:42.796+05:30  INFO 11360 --- [           main] o.s.web.filter.OncePerRequestFilter      :  Header : null
2023-07-14T00:41:42.796+05:30  INFO 11360 --- [           main] o.s.web.filter.OncePerRequestFilter      : Invalid Header value !
]]></system-out>
  </testcase>
  <testcase name="testGetAllPublishersByStateCodeInvalidState" classname="com.bookinventorymanagement.PublisherControllerTest" time="0.011">
    <system-out><![CDATA[1: org.springframework.security.web.header.HeaderWriterFilter$HeaderWriterRequest@46ff06df
2:org.springframework.security.web.header.HeaderWriterFilter$HeaderWriterResponse@4769a5a1
3:null
2023-07-14T00:41:42.816+05:30  INFO 11360 --- [           main] o.s.web.filter.OncePerRequestFilter      :  Header : null
2023-07-14T00:41:42.816+05:30  INFO 11360 --- [           main] o.s.web.filter.OncePerRequestFilter      : Invalid Header value !
]]></system-out>
  </testcase>
  <testcase name="testGetAllPublishersByCityInvalidCity" classname="com.bookinventorymanagement.PublisherControllerTest" time="0.008">
    <system-out><![CDATA[1: org.springframework.security.web.header.HeaderWriterFilter$HeaderWriterRequest@6993fa61
2:org.springframework.security.web.header.HeaderWriterFilter$HeaderWriterResponse@5764c072
3:null
2023-07-14T00:41:42.826+05:30  INFO 11360 --- [           main] o.s.web.filter.OncePerRequestFilter      :  Header : null
2023-07-14T00:41:42.826+05:30  INFO 11360 --- [           main] o.s.web.filter.OncePerRequestFilter      : Invalid Header value !
]]></system-out>
  </testcase>
  <testcase name="testGetPublisherByNameInvalidName" classname="com.bookinventorymanagement.PublisherControllerTest" time="0.011">
    <system-out><![CDATA[1: org.springframework.security.web.header.HeaderWriterFilter$HeaderWriterRequest@408e8448
2:org.springframework.security.web.header.HeaderWriterFilter$HeaderWriterResponse@36382eca
3:null
2023-07-14T00:41:42.837+05:30  INFO 11360 --- [           main] o.s.web.filter.OncePerRequestFilter      :  Header : null
2023-07-14T00:41:42.837+05:30  INFO 11360 --- [           main] o.s.web.filter.OncePerRequestFilter      : Invalid Header value !
]]></system-out>
  </testcase>
</testsuite>